2023-09-07 15:05:01,865 - Logger - DEBUG - 2023-09-07 15:05:01.865047: Main_GUI()
2023-09-07 15:06:26,264 - Logger - DEBUG - 2023-09-07 15:06:26.264433: Main_GUI()
2023-09-07 15:06:40,997 - Logger - DEBUG - 2023-09-07 15:06:40.997828: Main_GUI()
2023-09-07 15:07:44,426 - Logger - DEBUG - 2023-09-07 15:07:44.426058: Main_GUI()
2023-09-07 15:07:46,894 - Logger - DEBUG - 2023-09-07 15:07:46.894221: received 5 bytes from ('127.0.0.1', 46477) : hello
2023-09-07 15:08:10,906 - Logger - DEBUG - 2023-09-07 15:08:10.906199: received 5 bytes from ('127.0.0.1', 42167) : hello
2023-09-07 15:09:31,840 - Logger - DEBUG - 2023-09-07 15:09:31.840825: Main_GUI()
2023-09-07 15:09:36,781 - Logger - DEBUG - 2023-09-07 15:09:36.781474: received 5 bytes from ('127.0.0.1', 57911) : hello
2023-09-07 15:25:42,534 - Logger - DEBUG - 2023-09-07 15:25:42.534481: Main_GUI()
2023-09-07 15:48:53,090 - Logger - DEBUG - 2023-09-07 15:48:53.090287: Main_GUI()
2023-09-07 15:49:33,730 - Logger - DEBUG - 2023-09-07 15:49:33.730164: Main_GUI()
2023-09-07 15:49:51,863 - Logger - DEBUG - 2023-09-07 15:49:51.863835: Main_GUI()
2023-09-07 15:50:37,516 - Logger - DEBUG - 2023-09-07 15:50:37.516092: Main_GUI()
2023-09-07 15:52:57,814 - Logger - DEBUG - 2023-09-07 15:52:57.813948: Main_GUI()
2023-09-07 15:53:38,466 - Logger - DEBUG - 2023-09-07 15:53:38.466496: Main_GUI()
2023-09-07 15:54:51,807 - Logger - DEBUG - 2023-09-07 15:54:51.807141: Main_GUI()
2023-09-07 15:55:08,176 - Logger - DEBUG - 2023-09-07 15:55:08.176436: Main_GUI()
2023-09-07 15:55:16,020 - Logger - DEBUG - 2023-09-07 15:55:16.020207: Main_GUI()
2023-09-07 15:55:37,262 - Logger - DEBUG - 2023-09-07 15:55:37.261904: Main_GUI()
2023-09-07 15:56:01,546 - Logger - DEBUG - 2023-09-07 15:56:01.546449: Main_GUI()
2023-09-07 15:57:15,804 - Logger - DEBUG - 2023-09-07 15:57:15.804361: Main_GUI()
2023-09-07 15:57:18,462 - Logger - DEBUG - 2023-09-07 15:57:18.462394: received 5 bytes from ('127.0.0.1', 58950) : hello
2023-09-07 15:57:22,533 - Logger - DEBUG - 2023-09-07 15:57:22.533029: received 5 bytes from ('127.0.0.1', 54972) : hello
2023-09-07 16:09:01,120 - Logger - DEBUG - 2023-09-07 16:09:01.120821: received 5 bytes from ('127.0.0.1', 34260) : hello
2023-09-07 16:12:37,372 - Logger - DEBUG - 2023-09-07 16:12:37.372792: Main_GUI()
2023-09-07 16:13:14,970 - Logger - DEBUG - 2023-09-07 16:13:14.970283: Main_GUI()
2023-09-07 16:13:27,276 - Logger - DEBUG - 2023-09-07 16:13:27.276775: Main_GUI()
2023-09-07 16:14:28,985 - Logger - DEBUG - 2023-09-07 16:14:28.985021: Main_GUI()
2023-09-07 16:15:20,258 - Logger - DEBUG - 2023-09-07 16:15:20.258724: Main_GUI()
2023-09-07 16:15:22,054 - Logger - DEBUG - 2023-09-07 16:15:22.054533: received 5 bytes from ('127.0.0.1', 37972) : hello
2023-09-07 16:15:23,893 - Logger - DEBUG - 2023-09-07 16:15:23.893882: received 5 bytes from ('127.0.0.1', 58835) : hello
2023-09-08 10:39:59,468 - Logger - DEBUG - 2023-09-08 10:39:59.468173: Main_GUI()
2023-09-08 10:41:08,733 - Logger - DEBUG - 2023-09-08 10:41:08.733393: Main_GUI()
2023-09-08 10:43:13,108 - Logger - DEBUG - 2023-09-08 10:43:13.108203: Main_GUI()
2023-09-08 10:43:39,417 - Logger - DEBUG - 2023-09-08 10:43:39.416918: Main_GUI()
2023-09-08 11:21:21,381 - Logger - DEBUG - 2023-09-08 11:21:21.381269: Main_GUI()
2023-09-08 11:22:43,275 - Logger - DEBUG - 2023-09-08 11:22:43.275111: Main_GUI()
2023-09-08 11:23:53,517 - Logger - DEBUG - 2023-09-08 11:23:53.517010: Main_GUI()
2023-09-08 11:26:27,819 - Logger - DEBUG - 2023-09-08 11:26:27.819027: Main_GUI()
2023-09-08 11:28:00,800 - Logger - DEBUG - 2023-09-08 11:28:00.800547: Main_GUI()
2023-09-08 11:28:06,385 - Logger - DEBUG - 2023-09-08 11:28:06.385357: listen_tcp
2023-09-08 11:28:39,180 - Logger - DEBUG - 2023-09-08 11:28:39.179956: Main_GUI()
2023-09-08 11:28:57,087 - Logger - DEBUG - 2023-09-08 11:28:57.087678: listen_tcp
2023-09-08 11:31:41,566 - Logger - DEBUG - 2023-09-08 11:31:41.566076: Main_GUI()
2023-09-08 11:31:43,342 - Logger - DEBUG - 2023-09-08 11:31:43.342220: listen_tcp
2023-09-08 11:34:04,843 - Logger - DEBUG - 2023-09-08 11:34:04.843811: Main_GUI()
2023-09-08 11:34:06,775 - Logger - DEBUG - 2023-09-08 11:34:06.775748: listen_tcp
2023-09-08 11:34:33,802 - Logger - DEBUG - 2023-09-08 11:34:33.802088: Main_GUI()
2023-09-08 11:34:35,954 - Logger - DEBUG - 2023-09-08 11:34:35.954422: listen_tcp
2023-09-08 11:35:04,831 - Logger - DEBUG - 2023-09-08 11:35:04.830866: Main_GUI()
2023-09-08 11:35:07,813 - Logger - DEBUG - 2023-09-08 11:35:07.813528: listen_tcp
2023-09-08 11:38:10,626 - Logger - DEBUG - 2023-09-08 11:38:10.626406: Main_GUI()
2023-09-08 11:51:10,450 - Logger - DEBUG - 2023-09-08 11:51:10.450521: listen_tcp
2023-09-08 11:55:23,300 - Logger - DEBUG - 2023-09-08 11:55:23.300690: Main_GUI()
2023-09-08 11:55:24,922 - Logger - DEBUG - 2023-09-08 11:55:24.922604: listen_tcp
2023-09-08 11:56:06,741 - Logger - DEBUG - 2023-09-08 11:56:06.741497: Main_GUI()
2023-09-08 11:56:08,491 - Logger - DEBUG - 2023-09-08 11:56:08.491770: listen_tcp
2023-09-08 11:56:08,492 - Logger - DEBUG - 2023-09-08 11:56:08.492268: read_tcp_message
2023-09-08 13:18:44,415 - Logger - DEBUG - 2023-09-08 13:18:44.415270: Main_GUI()
2023-09-08 13:18:49,719 - Logger - DEBUG - 2023-09-08 13:18:49.719547: start_server
2023-09-08 13:18:50,542 - Logger - DEBUG - 2023-09-08 13:18:50.542583: hostname: ubuntu
2023-09-08 13:21:03,698 - Logger - DEBUG - 2023-09-08 13:21:03.698178: Main_GUI()
2023-09-08 13:22:16,960 - Logger - DEBUG - 2023-09-08 13:22:16.960068: Main_GUI()
2023-09-08 13:22:19,046 - Logger - DEBUG - 2023-09-08 13:22:19.046477: start_server
2023-09-08 13:22:19,047 - Logger - DEBUG - 2023-09-08 13:22:19.047032: hostname: ubuntu
2023-09-08 13:26:02,224 - Logger - DEBUG - 2023-09-08 13:26:02.223982: Main_GUI()
2023-09-08 13:26:29,153 - Logger - DEBUG - 2023-09-08 13:26:29.153299: Main_GUI()
2023-09-08 13:26:30,943 - Logger - DEBUG - 2023-09-08 13:26:30.943616: start_server
2023-09-08 13:26:30,944 - Logger - DEBUG - 2023-09-08 13:26:30.944196: hostname: ubuntu
2023-09-08 13:27:08,144 - Logger - DEBUG - 2023-09-08 13:27:08.144591: Main_GUI()
2023-09-08 13:27:40,283 - Logger - DEBUG - 2023-09-08 13:27:40.283745: Main_GUI()
2023-09-08 13:27:53,378 - Logger - DEBUG - 2023-09-08 13:27:53.378488: Main_GUI()
2023-09-08 13:27:55,386 - Logger - DEBUG - 2023-09-08 13:27:55.386430: start_server
2023-09-08 13:27:55,387 - Logger - DEBUG - 2023-09-08 13:27:55.387009: hostname: ubuntu
2023-09-08 13:28:21,017 - Logger - DEBUG - 2023-09-08 13:28:21.017711: Main_GUI()
2023-09-08 13:28:22,702 - Logger - DEBUG - 2023-09-08 13:28:22.702142: start_server
2023-09-08 13:28:22,702 - Logger - DEBUG - 2023-09-08 13:28:22.702842: hostname: ubuntu
2023-09-08 13:28:51,861 - Logger - DEBUG - 2023-09-08 13:28:51.861249: Main_GUI()
2023-09-08 13:28:53,209 - Logger - DEBUG - 2023-09-08 13:28:53.209674: start_server
2023-09-08 13:28:53,210 - Logger - DEBUG - 2023-09-08 13:28:53.210497: hostname: ubuntu
2023-09-08 13:29:23,538 - Logger - DEBUG - 2023-09-08 13:29:23.538568: Main_GUI()
2023-09-08 13:29:24,916 - Logger - DEBUG - 2023-09-08 13:29:24.916450: start_server
2023-09-08 13:29:24,917 - Logger - DEBUG - 2023-09-08 13:29:24.917006: hostname: ubuntu
2023-09-08 13:29:50,644 - Logger - DEBUG - 2023-09-08 13:29:50.644019: Main_GUI()
2023-09-08 13:29:52,096 - Logger - DEBUG - 2023-09-08 13:29:52.096332: start_server
2023-09-08 13:29:52,096 - Logger - DEBUG - 2023-09-08 13:29:52.096884: hostname: ubuntu
2023-09-08 13:30:15,265 - Logger - DEBUG - 2023-09-08 13:30:15.265181: Main_GUI()
2023-09-08 13:30:17,020 - Logger - DEBUG - 2023-09-08 13:30:17.020440: start_server
2023-09-08 13:30:17,021 - Logger - DEBUG - 2023-09-08 13:30:17.021003: hostname: ubuntu
2023-09-08 13:30:45,454 - Logger - DEBUG - 2023-09-08 13:30:45.454473: Main_GUI()
2023-09-08 13:30:46,880 - Logger - DEBUG - 2023-09-08 13:30:46.879994: start_server
2023-09-08 13:30:46,881 - Logger - DEBUG - 2023-09-08 13:30:46.880960: hostname: ubuntu
2023-09-08 13:31:53,904 - Logger - DEBUG - 2023-09-08 13:31:53.904083: Main_GUI()
2023-09-08 13:31:55,685 - Logger - DEBUG - 2023-09-08 13:31:55.685041: start_server
2023-09-08 13:31:55,685 - Logger - DEBUG - 2023-09-08 13:31:55.685632: hostname: ubuntu
2023-09-08 13:37:56,155 - Logger - DEBUG - 2023-09-08 13:37:56.155457: Main_GUI()
2023-09-08 13:38:21,657 - Logger - DEBUG - 2023-09-08 13:38:21.657347: Main_GUI()
2023-09-08 13:38:24,393 - Logger - DEBUG - 2023-09-08 13:38:24.393029: start_server
2023-09-08 13:38:24,393 - Logger - DEBUG - 2023-09-08 13:38:24.393437: hostname: ubuntu
2023-09-08 13:39:00,517 - Logger - DEBUG - 2023-09-08 13:39:00.517627: Main_GUI()
2023-09-08 13:39:02,291 - Logger - DEBUG - 2023-09-08 13:39:02.291045: start_server
2023-09-08 13:39:02,291 - Logger - DEBUG - 2023-09-08 13:39:02.291661: hostname: ubuntu
2023-09-08 13:39:37,106 - Logger - DEBUG - 2023-09-08 13:39:37.106121: Main_GUI()
2023-09-08 14:35:51,492 - Logger - DEBUG - 2023-09-08 14:35:51.492834: start_server
2023-09-08 14:35:51,493 - Logger - DEBUG - 2023-09-08 14:35:51.493433: hostname: ubuntu
2023-09-08 14:37:59,169 - Logger - DEBUG - 2023-09-08 14:37:59.169818: Main_GUI()
2023-09-08 14:38:01,380 - Logger - DEBUG - 2023-09-08 14:38:01.380565: start_server
2023-09-08 14:38:01,381 - Logger - DEBUG - 2023-09-08 14:38:01.381026: hostname: ubuntu
2023-09-08 14:38:46,211 - Logger - DEBUG - 2023-09-08 14:38:46.211471: Main_GUI()
2023-09-08 14:38:48,581 - Logger - DEBUG - 2023-09-08 14:38:48.581371: start_server
2023-09-08 14:38:48,581 - Logger - DEBUG - 2023-09-08 14:38:48.581923: hostname: ubuntu
2023-09-08 14:40:25,137 - Logger - DEBUG - 2023-09-08 14:40:25.137710: Main_GUI()
2023-09-08 14:40:26,886 - Logger - DEBUG - 2023-09-08 14:40:26.886530: start_server
2023-09-08 14:40:26,887 - Logger - DEBUG - 2023-09-08 14:40:26.887237: hostname: ubuntu
2023-09-08 14:41:33,351 - Logger - DEBUG - 2023-09-08 14:41:33.351211: Main_GUI()
2023-09-08 14:41:35,003 - Logger - DEBUG - 2023-09-08 14:41:35.003602: start_server
2023-09-08 14:41:35,004 - Logger - DEBUG - 2023-09-08 14:41:35.004179: hostname: ubuntu
2023-09-08 14:42:16,365 - Logger - DEBUG - 2023-09-08 14:42:16.365084: start_server
2023-09-08 14:42:16,365 - Logger - DEBUG - 2023-09-08 14:42:16.365547: hostname: ubuntu
2023-09-08 14:42:48,531 - Logger - DEBUG - 2023-09-08 14:42:48.531288: Main_GUI()
2023-09-08 14:42:50,647 - Logger - DEBUG - 2023-09-08 14:42:50.647561: start_server
2023-09-08 14:42:50,647 - Logger - DEBUG - 2023-09-08 14:42:50.647876: hostname: ubuntu
2023-09-08 14:43:02,925 - Logger - DEBUG - 2023-09-08 14:43:02.925442: Main_GUI()
2023-09-08 14:43:06,550 - Logger - DEBUG - 2023-09-08 14:43:06.550430: Main_GUI()
2023-09-08 14:43:08,236 - Logger - DEBUG - 2023-09-08 14:43:08.236882: start_server
2023-09-08 14:43:08,237 - Logger - DEBUG - 2023-09-08 14:43:08.237223: hostname: ubuntu
2023-09-08 14:43:59,178 - Logger - DEBUG - 2023-09-08 14:43:59.178141: Main_GUI()
2023-09-08 14:45:24,392 - Logger - DEBUG - 2023-09-08 14:45:24.392470: Main_GUI()
2023-09-08 14:45:25,864 - Logger - DEBUG - 2023-09-08 14:45:25.864055: start_server
2023-09-08 14:45:25,865 - Logger - DEBUG - 2023-09-08 14:45:25.864900: hostname: ubuntu
2023-09-08 14:45:37,007 - Logger - DEBUG - 2023-09-08 14:45:37.007581: Main_GUI()
2023-09-08 14:45:50,801 - Logger - DEBUG - 2023-09-08 14:45:50.801448: start_tcp_client
2023-09-08 14:46:00,399 - Logger - DEBUG - 2023-09-08 14:46:00.399751: hostname: ubuntu
2023-09-08 14:46:09,489 - Logger - DEBUG - 2023-09-08 14:46:09.489132: start_server
2023-09-08 14:46:09,490 - Logger - DEBUG - 2023-09-08 14:46:09.490191: hostname: ubuntu
2023-09-08 14:49:13,598 - Logger - DEBUG - 2023-09-08 14:49:13.598071: Main_GUI()
2023-09-08 14:49:17,115 - Logger - DEBUG - 2023-09-08 14:49:17.115564: start_tcp_client
2023-09-08 14:49:18,635 - Logger - DEBUG - 2023-09-08 14:49:18.634903: hostname: ubuntu
2023-09-08 14:49:23,802 - Logger - DEBUG - 2023-09-08 14:49:23.802842: start_server
2023-09-08 14:49:23,803 - Logger - DEBUG - 2023-09-08 14:49:23.803707: hostname: ubuntu
2023-09-08 14:52:50,809 - Logger - DEBUG - 2023-09-08 14:52:50.808882: Main_GUI()
2023-09-08 14:52:55,078 - Logger - DEBUG - 2023-09-08 14:52:55.078500: start_tcp_client
2023-09-08 14:53:48,476 - Logger - DEBUG - 2023-09-08 14:53:48.476156: Main_GUI()
2023-09-08 14:54:02,610 - Logger - DEBUG - 2023-09-08 14:54:02.610012: Main_GUI()
2023-09-08 14:55:37,193 - Logger - DEBUG - 2023-09-08 14:55:37.193259: Main_GUI()
2023-09-08 14:55:41,522 - Logger - DEBUG - 2023-09-08 14:55:41.522083: start_tcp_client
2023-09-08 14:56:03,677 - Logger - DEBUG - 2023-09-08 14:56:03.677857: Main_GUI()
2023-09-08 14:56:09,104 - Logger - DEBUG - 2023-09-08 14:56:09.103976: start_tcp_client
2023-09-08 14:56:36,244 - Logger - DEBUG - 2023-09-08 14:56:36.244201: Main_GUI()
2023-09-08 14:56:37,816 - Logger - DEBUG - 2023-09-08 14:56:37.816336: start_tcp_client
2023-09-08 15:03:49,578 - Logger - DEBUG - 2023-09-08 15:03:49.578432: Main_GUI()
2023-09-08 15:03:51,388 - Logger - DEBUG - 2023-09-08 15:03:51.388751: start_tcp_client
2023-09-08 15:04:12,351 - Logger - DEBUG - 2023-09-08 15:04:12.351128: Main_GUI()
2023-09-08 15:04:14,265 - Logger - DEBUG - 2023-09-08 15:04:14.265077: start_tcp_client
2023-09-08 15:05:34,194 - Logger - DEBUG - 2023-09-08 15:05:34.194876: Main_GUI()
2023-09-08 15:05:35,804 - Logger - DEBUG - 2023-09-08 15:05:35.804802: start_tcp_client
2023-09-08 15:05:49,083 - Logger - DEBUG - 2023-09-08 15:05:49.082894: Main_GUI()
2023-09-08 15:05:50,450 - Logger - DEBUG - 2023-09-08 15:05:50.450689: start_tcp_client
2023-09-08 15:06:19,414 - Logger - DEBUG - 2023-09-08 15:06:19.413910: Main_GUI()
2023-09-08 15:06:20,853 - Logger - DEBUG - 2023-09-08 15:06:20.853847: start_tcp_client
2023-09-08 15:07:25,923 - Logger - DEBUG - 2023-09-08 15:07:25.923828: Main_GUI()
2023-09-08 15:07:27,612 - Logger - DEBUG - 2023-09-08 15:07:27.612511: start_tcp_client
2023-09-08 15:07:48,468 - Logger - DEBUG - 2023-09-08 15:07:48.468248: Main_GUI()
2023-09-08 15:07:50,240 - Logger - DEBUG - 2023-09-08 15:07:50.240451: start_tcp_client
2023-09-08 15:08:32,038 - Logger - DEBUG - 2023-09-08 15:08:32.038465: Main_GUI()
2023-09-08 15:08:33,218 - Logger - DEBUG - 2023-09-08 15:08:33.218349: start_tcp_client
2023-09-08 15:09:41,893 - Logger - DEBUG - 2023-09-08 15:09:41.893786: Main_GUI()
2023-09-08 15:09:43,519 - Logger - DEBUG - 2023-09-08 15:09:43.519647: start_tcp_client
2023-09-08 15:09:54,006 - Logger - DEBUG - 2023-09-08 15:09:54.006280: Main_GUI()
2023-09-08 15:09:55,230 - Logger - DEBUG - 2023-09-08 15:09:55.229931: start_tcp_client
2023-09-08 15:11:53,063 - Logger - DEBUG - 2023-09-08 15:11:53.063561: Main_GUI()
2023-09-08 15:11:54,243 - Logger - DEBUG - 2023-09-08 15:11:54.243890: start_tcp_client
2023-09-08 15:12:26,263 - Logger - DEBUG - 2023-09-08 15:12:26.263377: Main_GUI()
2023-09-08 15:12:28,106 - Logger - DEBUG - 2023-09-08 15:12:28.106597: start_tcp_client
2023-09-08 15:14:20,598 - Logger - DEBUG - 2023-09-08 15:14:20.597883: Main_GUI()
2023-09-08 15:14:22,309 - Logger - DEBUG - 2023-09-08 15:14:22.309543: start_tcp_client
2023-09-08 15:14:49,791 - Logger - DEBUG - 2023-09-08 15:14:49.791187: Main_GUI()
2023-09-08 15:14:51,216 - Logger - DEBUG - 2023-09-08 15:14:51.216886: start_tcp_client
2023-09-08 15:15:34,643 - Logger - DEBUG - 2023-09-08 15:15:34.643655: Main_GUI()
2023-09-08 15:15:36,666 - Logger - DEBUG - 2023-09-08 15:15:36.666169: start_tcp_client
2023-09-08 15:16:14,245 - Logger - DEBUG - 2023-09-08 15:16:14.245210: Main_GUI()
2023-09-08 15:16:15,884 - Logger - DEBUG - 2023-09-08 15:16:15.884002: start_tcp_client
2023-09-08 15:16:30,042 - Logger - DEBUG - 2023-09-08 15:16:30.042362: Main_GUI()
2023-09-08 15:16:31,802 - Logger - DEBUG - 2023-09-08 15:16:31.802236: start_tcp_client
2023-09-08 15:19:04,309 - Logger - DEBUG - 2023-09-08 15:19:04.309276: Main_GUI()
2023-09-08 15:19:06,114 - Logger - DEBUG - 2023-09-08 15:19:06.114536: start_tcp_client
2023-09-08 15:19:32,381 - Logger - DEBUG - 2023-09-08 15:19:32.381080: Main_GUI()
2023-09-08 15:19:34,213 - Logger - DEBUG - 2023-09-08 15:19:34.213778: start_tcp_client
2023-09-08 15:21:01,905 - Logger - DEBUG - 2023-09-08 15:21:01.904939: Main_GUI()
2023-09-08 15:21:03,416 - Logger - DEBUG - 2023-09-08 15:21:03.416550: start_tcp_client
2023-09-08 15:21:41,904 - Logger - DEBUG - 2023-09-08 15:21:41.904659: Main_GUI()
2023-09-08 15:21:43,682 - Logger - DEBUG - 2023-09-08 15:21:43.682079: start_tcp_client
2023-09-08 15:21:54,745 - Logger - DEBUG - 2023-09-08 15:21:54.744939: Main_GUI()
2023-09-08 15:21:55,976 - Logger - DEBUG - 2023-09-08 15:21:55.975988: start_tcp_client
2023-09-08 15:25:11,451 - Logger - DEBUG - 2023-09-08 15:25:11.451432: Main_GUI()
2023-09-08 15:25:13,073 - Logger - DEBUG - 2023-09-08 15:25:13.073840: start_tcp_client
2023-09-08 15:28:29,387 - Logger - DEBUG - 2023-09-08 15:28:29.387425: Main_GUI()
2023-09-08 15:28:30,659 - Logger - DEBUG - 2023-09-08 15:28:30.659534: start_tcp_client
2023-09-08 15:31:17,872 - Logger - DEBUG - 2023-09-08 15:31:17.871953: Main_GUI()
2023-09-08 15:31:19,481 - Logger - DEBUG - 2023-09-08 15:31:19.481435: start_tcp_client
2023-09-08 15:31:19,482 - Logger - DEBUG - 2023-09-08 15:31:19.481989: start_tcp_client_worker
2023-09-08 15:31:19,482 - Logger - DEBUG - 2023-09-08 15:31:19.482415: hostname: ubuntu
2023-09-08 15:31:56,715 - Logger - DEBUG - 2023-09-08 15:31:56.715112: start_tcp_client
2023-09-08 15:31:56,727 - Logger - DEBUG - 2023-09-08 15:31:56.727169: start_tcp_client_worker
2023-09-08 15:31:56,728 - Logger - DEBUG - 2023-09-08 15:31:56.727972: hostname: ubuntu
2023-09-08 15:32:34,799 - Logger - DEBUG - 2023-09-08 15:32:34.799120: Main_GUI()
2023-09-08 15:32:36,125 - Logger - DEBUG - 2023-09-08 15:32:36.125708: start_tcp_client
2023-09-08 15:32:36,126 - Logger - DEBUG - 2023-09-08 15:32:36.126296: start_tcp_client_worker
2023-09-08 15:32:36,126 - Logger - DEBUG - 2023-09-08 15:32:36.126789: hostname: ubuntu
2023-09-08 15:33:10,357 - Logger - DEBUG - 2023-09-08 15:33:10.357511: Main_GUI()
2023-09-08 15:33:12,056 - Logger - DEBUG - 2023-09-08 15:33:12.056034: start_tcp_client
2023-09-08 15:33:12,056 - Logger - DEBUG - 2023-09-08 15:33:12.056546: start_tcp_client_worker
2023-09-08 15:33:12,057 - Logger - DEBUG - 2023-09-08 15:33:12.056975: hostname: ubuntu
2023-09-08 15:35:50,301 - Logger - DEBUG - 2023-09-08 15:35:50.301145: Main_GUI()
2023-09-08 15:36:29,440 - Logger - DEBUG - 2023-09-08 15:36:29.440462: Main_GUI()
